This file contains any messages produced by compilers while
running configure, to aid debugging if configure makes a mistake.

It was created by configure, which was
generated by GNU Autoconf 2.69.  Invocation command line was

  $ ./configure --with-php-config=/usr/local/php/man/man1/php-config.1 -with-php-config=/usr/local/bin/php-config

## --------- ##
## Platform. ##
## --------- ##

hostname = localhost
uname -m = x86_64
uname -r = 15.0.0
uname -s = Darwin
uname -v = Darwin Kernel Version 15.0.0: Sat Sep 19 15:53:46 PDT 2015; root:xnu-3247.10.11~1/RELEASE_X86_64

/usr/bin/uname -p = i386
/bin/uname -X     = unknown

/bin/arch              = unknown
/usr/bin/arch -k       = unknown
/usr/convex/getsysinfo = unknown
/usr/bin/hostinfo      = Mach kernel version:
	 Darwin Kernel Version 15.0.0: Sat Sep 19 15:53:46 PDT 2015; root:xnu-3247.10.11~1/RELEASE_X86_64
Kernel configured for up to 4 processors.
2 processors are physically available.
4 processors are logically available.
Processor type: x86_64h (Intel x86-64h Haswell)
Processors active: 0 1 2 3
Primary memory available: 8.00 gigabytes
Default processor set: 272 tasks, 1385 threads, 4 processors
Load average: 1.43, Mach factor: 2.56
/bin/machine           = unknown
/usr/bin/oslevel       = unknown
/bin/universe          = unknown

PATH: /Users/didi/.rvm/gems/ruby-2.4.1/bin
PATH: /Users/didi/.rvm/gems/ruby-2.4.1@global/bin
PATH: /Users/didi/.rvm/rubies/ruby-2.4.1/bin
PATH: /Users/didi/CRClientTools/arcanist/bin
PATH: /usr/local/opt/bison/bin
PATH: /Users/didi/java/gradle/bin
PATH: /usr/local/opt/php@7.0/bin
PATH: /Users/didi/goLang/bin
PATH: /Users/didi/blog/jekyll
PATH: /Users/didi/pear/bin
PATH:  /usr/local/Cellar/curl/7.55.1/bin
PATH: /Users/didi/pig/pig/bin
PATH: /Users/didi/hbase/hbase/bin
PATH: /Users/didi/.rvm/rubies/ruby-2.4.1/bin
PATH: /usr/local/bin
PATH: /usr/bin
PATH: /bin
PATH: /usr/sbin
PATH: /sbin
PATH: /usr/local/go/bin
PATH: /usr/local/Cellar/gv/3.7.4
PATH: /Users/didi/goLang
PATH: /Users/didi/PhpstormProjects/go
PATH: /Users/didi/goLang/src/github.com/lantern/archive/bin
PATH: /usr/local/go/pkg/tool/darwin_amd64/
PATH: /usr/local/lib/python2.7/site-packages/
PATH: /Users/didi/jupyter/ticket/
PATH: /Users/didi/scala/bin
PATH: /Users/didi/spark/spark/bin
PATH: /Library/Internet Plug-Ins/JavaAppletPlugin.plugin/Contents/Home/bin
PATH: /Library/Java/JavaVirtualMachines/jdk1.8.0_144.jdk/Contents/Home//bin
PATH: /Users/didi/.composer/vendor/bin
PATH: /Users/didi/hadoop/hadoop/bin
PATH: /Users/didi/hadoop/hadoop/sbin
PATH: /Users/didi/hive/hive/bin
PATH: /Users/didi/hive/derby/bin
PATH: /Users/didi/maven/bin
PATH: /Users/didi/.rvm/bin
PATH: /Users/didi/goLang/FlameGraph


## ----------- ##
## Core tests. ##
## ----------- ##

configure:2294: checking for grep that handles long lines and -e
configure:2352: result: /usr/bin/grep
configure:2357: checking for egrep
configure:2419: result: /usr/bin/grep -E
configure:2424: checking for a sed that does not truncate output
configure:2478: result: /usr/bin/sed
configure:2617: checking for cc
configure:2633: found /usr/bin/cc
configure:2644: result: cc
configure:2675: checking for C compiler version
configure:2684: cc --version >&5
Apple LLVM version 7.3.0 (clang-703.0.31)
Target: x86_64-apple-darwin15.0.0
Thread model: posix
InstalledDir: /Library/Developer/CommandLineTools/usr/bin
configure:2695: $? = 0
configure:2684: cc -v >&5
Apple LLVM version 7.3.0 (clang-703.0.31)
Target: x86_64-apple-darwin15.0.0
Thread model: posix
InstalledDir: /Library/Developer/CommandLineTools/usr/bin
configure:2695: $? = 0
configure:2684: cc -V >&5
clang: error: argument to '-V' is missing (expected 1 value)
clang: error: no input files
configure:2695: $? = 1
configure:2684: cc -qversion >&5
clang: error: unknown argument: '-qversion'
clang: error: no input files
configure:2695: $? = 1
configure:2715: checking whether the C compiler works
configure:2737: cc    conftest.c  >&5
configure:2741: $? = 0
configure:2789: result: yes
configure:2792: checking for C compiler default output file name
configure:2794: result: a.out
configure:2800: checking for suffix of executables
configure:2807: cc -o conftest    conftest.c  >&5
configure:2811: $? = 0
configure:2833: result: 
configure:2855: checking whether we are cross compiling
configure:2863: cc -o conftest    conftest.c  >&5
configure:2867: $? = 0
configure:2874: ./conftest
configure:2878: $? = 0
configure:2893: result: no
configure:2898: checking for suffix of object files
configure:2920: cc -c   conftest.c >&5
configure:2924: $? = 0
configure:2945: result: o
configure:2949: checking whether we are using the GNU C compiler
configure:2968: cc -c   conftest.c >&5
configure:2968: $? = 0
configure:2977: result: yes
configure:2986: checking whether cc accepts -g
configure:3006: cc -c -g  conftest.c >&5
configure:3006: $? = 0
configure:3047: result: yes
configure:3064: checking for cc option to accept ISO C89
configure:3127: cc  -c -g -O2  conftest.c >&5
configure:3127: $? = 0
configure:3140: result: none needed
configure:3166: checking how to run the C preprocessor
configure:3197: cc -E  conftest.c
configure:3197: $? = 0
configure:3211: cc -E  conftest.c
conftest.c:9:10: fatal error: 'ac_nonexistent.h' file not found
#include <ac_nonexistent.h>
         ^
1 error generated.
configure:3211: $? = 1
configure: failed program was:
| /* confdefs.h */
| #define PACKAGE_NAME ""
| #define PACKAGE_TARNAME ""
| #define PACKAGE_VERSION ""
| #define PACKAGE_STRING ""
| #define PACKAGE_BUGREPORT ""
| #define PACKAGE_URL ""
| /* end confdefs.h.  */
| #include <ac_nonexistent.h>
configure:3236: result: cc -E
configure:3256: cc -E  conftest.c
configure:3256: $? = 0
configure:3270: cc -E  conftest.c
conftest.c:9:10: fatal error: 'ac_nonexistent.h' file not found
#include <ac_nonexistent.h>
         ^
1 error generated.
configure:3270: $? = 1
configure: failed program was:
| /* confdefs.h */
| #define PACKAGE_NAME ""
| #define PACKAGE_TARNAME ""
| #define PACKAGE_VERSION ""
| #define PACKAGE_STRING ""
| #define PACKAGE_BUGREPORT ""
| #define PACKAGE_URL ""
| /* end confdefs.h.  */
| #include <ac_nonexistent.h>
configure:3301: checking for icc
configure:3310: result: no
configure:3324: checking for suncc
configure:3333: result: no
configure:3351: checking whether cc understands -c and -o together
configure:3379: cc -c conftest.c -o conftest2.o >&5
configure:3383: $? = 0
configure:3389: cc -c conftest.c -o conftest2.o >&5
configure:3393: $? = 0
configure:3448: result: yes
configure:3462: checking for system library directory
configure:3477: result: lib
configure:3484: checking if compiler supports -R
configure:3503: cc -o conftest -g -O2   conftest.c -R /usr/lib  >&5
warning: unknown remark option '-R' [-Wunknown-warning-option]
1 warning generated.
ld: can't map file, errno=22 file '/usr/lib' for architecture x86_64
clang: error: linker command failed with exit code 1 (use -v to see invocation)
configure:3503: $? = 1
configure: failed program was:
| /* confdefs.h */
| #define PACKAGE_NAME ""
| #define PACKAGE_TARNAME ""
| #define PACKAGE_VERSION ""
| #define PACKAGE_STRING ""
| #define PACKAGE_BUGREPORT ""
| #define PACKAGE_URL ""
| /* end confdefs.h.  */
| 
| int
| main ()
| {
| 
|   ;
|   return 0;
| }
configure:3513: result: no
configure:3518: checking if compiler supports -Wl,-rpath,
configure:3537: cc -o conftest -g -O2   conftest.c -Wl,-rpath,/usr/lib  >&5
configure:3537: $? = 0
configure:3547: result: yes
configure:3592: checking build system type
configure:3606: result: x86_64-apple-darwin15.0.0
configure:3626: checking host system type
configure:3639: result: x86_64-apple-darwin15.0.0
configure:3659: checking target system type
configure:3672: result: x86_64-apple-darwin15.0.0
configure:3775: checking for PHP prefix
configure:3777: result: /usr/local
configure:3779: checking for PHP includes
configure:3781: result: -I/usr/local/include/php -I/usr/local/include/php/main -I/usr/local/include/php/TSRM -I/usr/local/include/php/Zend -I/usr/local/include/php/ext -I/usr/local/include/php/ext/date/lib
configure:3783: checking for PHP extension directory
configure:3785: result: /usr/local/lib/php/extensions/debug-non-zts-20160303
configure:3787: checking for PHP installed headers prefix
configure:3789: result: /usr/local/include/php
configure:3792: checking if debug is enabled
configure:3818: result: yes
configure:3821: checking if zts is enabled
configure:3847: result: no
configure:3918: checking for re2c
configure:3948: result: no
configure:3973: WARNING: You will need re2c 0.13.4 or later if you want to regenerate PHP parsers.
configure:3987: checking for gawk
configure:4018: result: no
configure:3987: checking for nawk
configure:4018: result: no
configure:3987: checking for awk
configure:4004: found /usr/bin/awk
configure:4015: result: awk
configure:4038: checking if awk is broken
configure:4045: result: no
configure:4059: checking for cURL support
configure:4099: result: yes, shared
configure:4109: checking for cURL in default path
configure:4114: result: found in /usr
configure:4129: checking for cURL 7.10.5 or greater
configure:4143: result: libcurl 7.43.0
configure:4368: checking for SSL support in libcurl
configure:4372: result: yes
configure:4386: checking how to run the C preprocessor
configure:4456: result: cc -E
configure:4476: cc -E  conftest.c
configure:4476: $? = 0
configure:4490: cc -E  conftest.c
conftest.c:10:10: fatal error: 'ac_nonexistent.h' file not found
#include <ac_nonexistent.h>
         ^
1 error generated.
configure:4490: $? = 1
configure: failed program was:
| /* confdefs.h */
| #define PACKAGE_NAME ""
| #define PACKAGE_TARNAME ""
| #define PACKAGE_VERSION ""
| #define PACKAGE_STRING ""
| #define PACKAGE_BUGREPORT ""
| #define PACKAGE_URL ""
| #define HAVE_CURL_SSL 1
| /* end confdefs.h.  */
| #include <ac_nonexistent.h>
configure:4518: checking for openssl support in libcurl
configure:4520: checking for ANSI C header files
configure:4540: cc -c   conftest.c >&5
configure:4540: $? = 0
configure:4613: cc -o conftest    conftest.c  >&5
configure:4613: $? = 0
configure:4613: ./conftest
configure:4613: $? = 0
configure:4624: result: yes
configure:4637: checking for sys/types.h
configure:4637: cc -c   conftest.c >&5
configure:4637: $? = 0
configure:4637: result: yes
configure:4637: checking for sys/stat.h
configure:4637: cc -c   conftest.c >&5
configure:4637: $? = 0
configure:4637: result: yes
configure:4637: checking for stdlib.h
configure:4637: cc -c   conftest.c >&5
configure:4637: $? = 0
configure:4637: result: yes
configure:4637: checking for string.h
configure:4637: cc -c   conftest.c >&5
configure:4637: $? = 0
configure:4637: result: yes
configure:4637: checking for memory.h
configure:4637: cc -c   conftest.c >&5
configure:4637: $? = 0
configure:4637: result: yes
configure:4637: checking for strings.h
configure:4637: cc -c   conftest.c >&5
configure:4637: $? = 0
configure:4637: result: yes
configure:4637: checking for inttypes.h
configure:4637: cc -c   conftest.c >&5
configure:4637: $? = 0
configure:4637: result: yes
configure:4637: checking for stdint.h
configure:4637: cc -c   conftest.c >&5
configure:4637: $? = 0
configure:4637: result: yes
configure:4637: checking for unistd.h
configure:4637: cc -c   conftest.c >&5
configure:4637: $? = 0
configure:4637: result: yes
configure:4674: cc -o conftest    conftest.c  >&5
conftest.c:31:12: warning: implicitly declaring library function 'strncasecmp' with type 'int (const char *, const char *, unsigned long)' [-Wimplicit-function-declaration]
    return strncasecmp(ptr, "OpenSSL", sizeof("OpenSSL")-1);
           ^
conftest.c:31:12: note: include the header <strings.h> or explicitly provide a declaration for 'strncasecmp'
1 warning generated.
Undefined symbols for architecture x86_64:
  "_curl_version_info", referenced from:
      _main in conftest-774df0.o
ld: symbol(s) not found for architecture x86_64
clang: error: linker command failed with exit code 1 (use -v to see invocation)
configure:4674: $? = 1
configure: program exited with status 1
configure: failed program was:
| /* confdefs.h */
| #define PACKAGE_NAME ""
| #define PACKAGE_TARNAME ""
| #define PACKAGE_VERSION ""
| #define PACKAGE_STRING ""
| #define PACKAGE_BUGREPORT ""
| #define PACKAGE_URL ""
| #define HAVE_CURL_SSL 1
| #define STDC_HEADERS 1
| #define HAVE_SYS_TYPES_H 1
| #define HAVE_SYS_STAT_H 1
| #define HAVE_STDLIB_H 1
| #define HAVE_STRING_H 1
| #define HAVE_MEMORY_H 1
| #define HAVE_STRINGS_H 1
| #define HAVE_INTTYPES_H 1
| #define HAVE_STDINT_H 1
| #define HAVE_UNISTD_H 1
| /* end confdefs.h.  */
| 
| #include <curl/curl.h>
| 
| int main(int argc, char *argv[])
| {
|   curl_version_info_data *data = curl_version_info(CURLVERSION_NOW);
| 
|   if (data && data->ssl_version && *data->ssl_version) {
|     const char *ptr = data->ssl_version;
| 
|     while(*ptr == ' ') ++ptr;
|     return strncasecmp(ptr, "OpenSSL", sizeof("OpenSSL")-1);
|   }
|   return 1;
| }
| 
configure:4697: result: no
configure:4706: checking for gnutls support in libcurl
configure:4733: cc -o conftest    conftest.c  >&5
conftest.c:31:12: warning: implicitly declaring library function 'strncasecmp' with type 'int (const char *, const char *, unsigned long)' [-Wimplicit-function-declaration]
    return strncasecmp(ptr, "GnuTLS", sizeof("GnuTLS")-1);
           ^
conftest.c:31:12: note: include the header <strings.h> or explicitly provide a declaration for 'strncasecmp'
1 warning generated.
Undefined symbols for architecture x86_64:
  "_curl_version_info", referenced from:
      _main in conftest-911fee.o
ld: symbol(s) not found for architecture x86_64
clang: error: linker command failed with exit code 1 (use -v to see invocation)
configure:4733: $? = 1
configure: program exited with status 1
configure: failed program was:
| /* confdefs.h */
| #define PACKAGE_NAME ""
| #define PACKAGE_TARNAME ""
| #define PACKAGE_VERSION ""
| #define PACKAGE_STRING ""
| #define PACKAGE_BUGREPORT ""
| #define PACKAGE_URL ""
| #define HAVE_CURL_SSL 1
| #define STDC_HEADERS 1
| #define HAVE_SYS_TYPES_H 1
| #define HAVE_SYS_STAT_H 1
| #define HAVE_STDLIB_H 1
| #define HAVE_STRING_H 1
| #define HAVE_MEMORY_H 1
| #define HAVE_STRINGS_H 1
| #define HAVE_INTTYPES_H 1
| #define HAVE_STDINT_H 1
| #define HAVE_UNISTD_H 1
| /* end confdefs.h.  */
| 
| #include <curl/curl.h>
| 
| int main(int argc, char *argv[])
| {
|   curl_version_info_data *data = curl_version_info(CURLVERSION_NOW);
| 
|   if (data && data->ssl_version && *data->ssl_version) {
|     const char *ptr = data->ssl_version;
| 
|     while(*ptr == ' ') ++ptr;
|     return strncasecmp(ptr, "GnuTLS", sizeof("GnuTLS")-1);
|   }
|   return 1;
| }
| 
configure:4750: result: no
configure:4862: checking for curl_easy_perform in -lcurl
configure:4887: cc -o conftest -g  -O0   -lcurl conftest.c -lcurl   >&5
configure:4887: $? = 0
configure:4896: result: yes
configure:5017: checking for curl_easy_strerror in -lcurl
configure:5042: cc -o conftest -g  -O0   -lcurl conftest.c -lcurl   >&5
configure:5042: $? = 0
configure:5051: result: yes
configure:5170: checking for curl_multi_strerror in -lcurl
configure:5195: cc -o conftest -g  -O0   -lcurl conftest.c -lcurl   >&5
configure:5195: $? = 0
configure:5204: result: yes
configure:5618: checking for ld used by cc
configure:5685: result: /Library/Developer/CommandLineTools/usr/bin/ld
configure:5692: checking if the linker (/Library/Developer/CommandLineTools/usr/bin/ld) is GNU ld
configure:5707: result: no
configure:5712: checking for /Library/Developer/CommandLineTools/usr/bin/ld option to reload object files
configure:5719: result: -r
configure:5737: checking for BSD-compatible nm
configure:5786: result: /usr/bin/nm -B
configure:5790: checking whether ln -s works
configure:5794: result: yes
configure:5801: checking how to recognize dependent libraries
configure:5987: result: pass_all
configure:6207: checking dlfcn.h usability
configure:6207: cc -c -g  -O0  conftest.c >&5
configure:6207: $? = 0
configure:6207: result: yes
configure:6207: checking dlfcn.h presence
configure:6207: cc -E  conftest.c
configure:6207: $? = 0
configure:6207: result: yes
configure:6207: checking for dlfcn.h
configure:6207: result: yes
configure:6229: checking the maximum length of command line arguments
configure:6341: result: 196608
configure:6353: checking command to parse /usr/bin/nm -B output from cc object
configure:6458: cc -c -g  -O0  conftest.c >&5
configure:6461: $? = 0
configure:6465: /usr/bin/nm -B conftest.o \| sed -n -e 's/^.*[ 	]\([BCDEGRST][BCDEGRST]*\)[ 	][ 	]*\([_A-Za-z][_A-Za-z0-9]*\)$/\1 \2 \2/p' \> conftest.nm
configure:6468: $? = 0
cannot find nm_test_var in conftest.nm
configure:6458: cc -c -g  -O0  conftest.c >&5
configure:6461: $? = 0
configure:6465: /usr/bin/nm -B conftest.o \| sed -n -e 's/^.*[ 	]\([BCDEGRST][BCDEGRST]*\)[ 	][ 	]*_\([_A-Za-z][_A-Za-z0-9]*\)$/\1 _\2 \2/p' \> conftest.nm
configure:6468: $? = 0
configure:6520: cc -o conftest -g  -O0   conftest.c conftstm.o >&5
warning: (x86_64)  could not find object file symbol for symbol _main
configure:6523: $? = 0
configure:6561: result: ok
configure:6565: checking for objdir
configure:6580: result: .libs
configure:6672: checking for ar
configure:6688: found /usr/bin/ar
configure:6699: result: ar
configure:6764: checking for ranlib
configure:6780: found /usr/bin/ranlib
configure:6791: result: ranlib
configure:6856: checking for strip
configure:6872: found /usr/bin/strip
configure:6883: result: strip
configure:7136: checking for dsymutil
configure:7152: found /usr/bin/dsymutil
configure:7163: result: dsymutil
configure:7228: checking for nmedit
configure:7244: found /usr/bin/nmedit
configure:7255: result: nmedit
configure:7278: checking for -single_module linker flag
configure:7299: result: yes
configure:7301: checking for -exported_symbols_list linker flag
configure:7317: cc -o conftest -g  -O0   -Wl,-exported_symbols_list,conftest.sym conftest.c  >&5
configure:7320: $? = 0
configure:7334: result: yes
configure:7452: checking if cc supports -fno-rtti -fno-exceptions
configure:7470: cc -c -g  -O0  -fno-rtti -fno-exceptions conftest.c >&5
configure:7474: $? = 0
configure:7487: result: yes
configure:7502: checking for cc option to produce PIC
configure:7742: result: -fno-common
configure:7750: checking if cc PIC flag -fno-common works
configure:7768: cc -c -g  -O0  -fno-common -DPIC conftest.c >&5
configure:7772: $? = 0
configure:7785: result: yes
configure:7813: checking if cc static flag -static works
configure:7841: result: no
configure:7851: checking if cc supports -c -o file.o
configure:7872: cc -c -g  -O0  -o out/conftest2.o conftest.c >&5
configure:7876: $? = 0
configure:7898: result: yes
configure:7924: checking whether the cc linker (/Library/Developer/CommandLineTools/usr/bin/ld) supports shared libraries
configure:8852: result: yes
configure:8919: checking dynamic linker characteristics
configure:9517: result: darwin15.0.0 dyld
configure:9541: checking how to hardcode library paths into programs
configure:9566: result: immediate
configure:9580: checking whether stripping libraries is possible
configure:9594: result: yes
configure:10102: checking if libtool supports shared libraries
configure:10104: result: yes
configure:10107: checking whether to build shared libraries
configure:10128: result: yes
configure:10131: checking whether to build static libraries
configure:10135: result: no
configure:10230: result:
creating libtool
configure:13929: creating ./config.status

## ---------------------- ##
## Running config.status. ##
## ---------------------- ##

This file was extended by config.status, which was
generated by GNU Autoconf 2.69.  Invocation command line was

  CONFIG_FILES    = 
  CONFIG_HEADERS  = 
  CONFIG_LINKS    = 
  CONFIG_COMMANDS = 
  $ ./config.status 

on localhost

config.status:680: creating config.h

## ---------------- ##
## Cache variables. ##
## ---------------- ##

ac_cv_build=x86_64-apple-darwin15.0.0
ac_cv_c_compiler_gnu=yes
ac_cv_env_CC_set=
ac_cv_env_CC_value=
ac_cv_env_CFLAGS_set=
ac_cv_env_CFLAGS_value=
ac_cv_env_CPPFLAGS_set=
ac_cv_env_CPPFLAGS_value=
ac_cv_env_CPP_set=
ac_cv_env_CPP_value=
ac_cv_env_LDFLAGS_set=
ac_cv_env_LDFLAGS_value=
ac_cv_env_LIBS_set=
ac_cv_env_LIBS_value=
ac_cv_env_build_alias_set=
ac_cv_env_build_alias_value=
ac_cv_env_host_alias_set=
ac_cv_env_host_alias_value=
ac_cv_env_target_alias_set=
ac_cv_env_target_alias_value=
ac_cv_header_dlfcn_h=yes
ac_cv_header_inttypes_h=yes
ac_cv_header_memory_h=yes
ac_cv_header_stdc=yes
ac_cv_header_stdint_h=yes
ac_cv_header_stdlib_h=yes
ac_cv_header_string_h=yes
ac_cv_header_strings_h=yes
ac_cv_header_sys_stat_h=yes
ac_cv_header_sys_types_h=yes
ac_cv_header_unistd_h=yes
ac_cv_host=x86_64-apple-darwin15.0.0
ac_cv_lib_curl_curl_easy_perform=yes
ac_cv_lib_curl_curl_easy_strerror=yes
ac_cv_lib_curl_curl_multi_strerror=yes
ac_cv_objext=o
ac_cv_path_EGREP='/usr/bin/grep -E'
ac_cv_path_GREP=/usr/bin/grep
ac_cv_prog_AWK=awk
ac_cv_prog_CPP='cc -E'
ac_cv_prog_ac_ct_AR=ar
ac_cv_prog_ac_ct_CC=cc
ac_cv_prog_ac_ct_DSYMUTIL=dsymutil
ac_cv_prog_ac_ct_NMEDIT=nmedit
ac_cv_prog_ac_ct_RANLIB=ranlib
ac_cv_prog_ac_ct_STRIP=strip
ac_cv_prog_cc_c89=
ac_cv_prog_cc_cc_c_o=yes
ac_cv_prog_cc_g=yes
ac_cv_target=x86_64-apple-darwin15.0.0
lt_cv_apple_cc_single_mod=yes
lt_cv_deplibs_check_method=pass_all
lt_cv_file_magic_cmd='$MAGIC_CMD'
lt_cv_file_magic_test_file=
lt_cv_ld_exported_symbols_list=yes
lt_cv_ld_reload_flag=-r
lt_cv_objdir=.libs
lt_cv_path_LD=/Library/Developer/CommandLineTools/usr/bin/ld
lt_cv_path_NM='/usr/bin/nm -B'
lt_cv_path_SED=/usr/bin/sed
lt_cv_prog_compiler_c_o=yes
lt_cv_prog_compiler_pic_works=yes
lt_cv_prog_compiler_rtti_exceptions=yes
lt_cv_prog_compiler_static_works=no
lt_cv_prog_gnu_ld=no
lt_cv_sys_global_symbol_pipe='sed -n -e '\''s/^.*[ 	]\([BCDEGRST][BCDEGRST]*\)[ 	][ 	]*_\([_A-Za-z][_A-Za-z0-9]*\)$/\1 _\2 \2/p'\'''
lt_cv_sys_global_symbol_to_c_name_address='sed -n -e '\''s/^: \([^ ]*\) $/  {\"\1\", (lt_ptr) 0},/p'\'' -e '\''s/^[BCDEGRST] \([^ ]*\) \([^ ]*\)$/  {"\2", (lt_ptr) \&\2},/p'\'''
lt_cv_sys_global_symbol_to_cdecl='sed -n -e '\''s/^. .* \(.*\)$/extern int \1;/p'\'''
lt_cv_sys_lib_dlsearch_path_spec='/usr/local/lib /lib /usr/lib'
lt_cv_sys_lib_search_path_spec='/Library/Developer/CommandLineTools/usr/lib/clang/7.3.0 /usr/local/lib'
lt_cv_sys_max_cmd_len=196608
lt_lt_cv_prog_compiler_c_o='"yes"'
lt_lt_cv_sys_global_symbol_pipe='"sed -n -e '\''s/^.*[ 	]\\([BCDEGRST][BCDEGRST]*\\)[ 	][ 	]*_\\([_A-Za-z][_A-Za-z0-9]*\\)\$/\\1 _\\2 \\2/p'\''"'
lt_lt_cv_sys_global_symbol_to_c_name_address='"sed -n -e '\''s/^: \\([^ ]*\\) \$/  {\\\"\\1\\\", (lt_ptr) 0},/p'\'' -e '\''s/^[BCDEGRST] \\([^ ]*\\) \\([^ ]*\\)\$/  {\"\\2\", (lt_ptr) \\&\\2},/p'\''"'
lt_lt_cv_sys_global_symbol_to_cdecl='"sed -n -e '\''s/^. .* \\(.*\\)\$/extern int \\1;/p'\''"'
php_cv_cc_dashr=no
php_cv_cc_rpath=yes

## ----------------- ##
## Output variables. ##
## ----------------- ##

AR='ar'
AWK='awk'
CC='cc'
CFLAGS='-g  -O0'
CONFIGURE_COMMAND=' '\''./configure'\''  '\''--with-php-config=/usr/local/php/man/man1/php-config.1'\'' '\''-with-php-config=/usr/local/bin/php-config'\'''
CONFIGURE_OPTIONS=' '\''--with-php-config=/usr/local/php/man/man1/php-config.1'\'' '\''-with-php-config=/usr/local/bin/php-config'\'''
CPP='cc -E'
CPPFLAGS=' -DHAVE_CONFIG_H'
DEFS='-DHAVE_CONFIG_H'
DSYMUTIL='dsymutil'
ECHO='/bin/echo'
ECHO_C='\c'
ECHO_N=''
ECHO_T=''
EGREP='/usr/bin/grep -E'
EXEEXT=''
GREP='/usr/bin/grep'
LDFLAGS=''
LIBOBJS=''
LIBS=''
LIBTOOL='$(SHELL) $(top_builddir)/libtool'
LN_S='ln -s'
LTLIBOBJS=''
NMEDIT='nmedit'
OBJEXT='o'
PACKAGE_BUGREPORT=''
PACKAGE_NAME=''
PACKAGE_STRING=''
PACKAGE_TARNAME=''
PACKAGE_URL=''
PACKAGE_VERSION=''
PATH_SEPARATOR=':'
RANLIB='ranlib'
RE2C='exit 0;'
SED='/usr/bin/sed'
SHELL='/bin/sh'
SHLIB_DL_SUFFIX_NAME='so'
SHLIB_SUFFIX_NAME='dylib'
STRIP='strip'
ac_ct_CC='cc'
bindir='${exec_prefix}/bin'
build='x86_64-apple-darwin15.0.0'
build_alias=''
build_cpu='x86_64'
build_os='darwin15.0.0'
build_vendor='apple'
datadir='${datarootdir}'
datarootdir='${prefix}/share'
docdir='${datarootdir}/doc/${PACKAGE}'
dvidir='${docdir}'
exec_prefix='$(prefix)'
host='x86_64-apple-darwin15.0.0'
host_alias='x86_64-apple-darwin15.0.0'
host_cpu='x86_64'
host_os='darwin15.0.0'
host_vendor='apple'
htmldir='${docdir}'
includedir='${prefix}/include'
infodir='${datarootdir}/info'
libdir='${exec_prefix}/lib'
libexecdir='${exec_prefix}/libexec'
localedir='${datarootdir}/locale'
localstatedir='${prefix}/var'
mandir='${datarootdir}/man'
oldincludedir='/usr/include'
pdfdir='${docdir}'
prefix='/usr/local'
program_transform_name='s,x,x,'
psdir='${docdir}'
sbindir='${exec_prefix}/sbin'
sharedstatedir='${prefix}/com'
sysconfdir='${prefix}/etc'
target='x86_64-apple-darwin15.0.0'
target_alias=''
target_cpu='x86_64'
target_os='darwin15.0.0'
target_vendor='apple'

## ----------- ##
## confdefs.h. ##
## ----------- ##

/* confdefs.h */
#define PACKAGE_NAME ""
#define PACKAGE_TARNAME ""
#define PACKAGE_VERSION ""
#define PACKAGE_STRING ""
#define PACKAGE_BUGREPORT ""
#define PACKAGE_URL ""
#define HAVE_CURL_SSL 1
#define STDC_HEADERS 1
#define HAVE_SYS_TYPES_H 1
#define HAVE_SYS_STAT_H 1
#define HAVE_STDLIB_H 1
#define HAVE_STRING_H 1
#define HAVE_MEMORY_H 1
#define HAVE_STRINGS_H 1
#define HAVE_INTTYPES_H 1
#define HAVE_STDINT_H 1
#define HAVE_UNISTD_H 1
#define HAVE_CURL 1
#define HAVE_CURL_EASY_STRERROR 1
#define HAVE_CURL_MULTI_STRERROR 1
#define COMPILE_DL_CURL 1
#define HAVE_DLFCN_H 1

configure: exit 0
